2024-06-18 19:26:17,990 TRACE [http-nio-8080-exec-1] loggerTrace [UserService.java:77] -- Registration email sent to user: mario.rossi@example.com
2024-06-18 19:26:19,639 TRACE [http-nio-8080-exec-1] loggerTrace [UserService.java:79] -- User with email mario.rossi@example.com saved.
2024-06-18 20:21:32,725 TRACE [http-nio-8080-exec-3] loggerTrace [UserService.java:77] -- Registration email sent to user: mario.rossi@example.com
2024-06-18 20:21:34,496 TRACE [http-nio-8080-exec-3] loggerTrace [UserService.java:79] -- User with email mario.rossi@example.com saved.
2024-06-18 20:34:41,258 TRACE [http-nio-8080-exec-1] loggerTrace [UserService.java:77] -- Registration email sent to user: mario.rossi@example.com
2024-06-18 20:34:42,905 TRACE [http-nio-8080-exec-1] loggerTrace [UserService.java:79] -- User with email mario.rossi@example.com saved.
2024-06-18 22:20:40,760 TRACE [http-nio-8080-exec-2] loggerTrace [UserService.java:82] -- Registration email sent to user: mario.rossi@example.com
2024-06-18 22:20:42,422 TRACE [http-nio-8080-exec-2] loggerTrace [UserService.java:84] -- User with email mario.rossi@example.com saved.
2024-06-18 22:33:11,786 TRACE [http-nio-8080-exec-2] loggerTrace [EmployeeService.java:70] -- Registration email sent to employee: jane.doe@example.com
2024-06-18 22:33:13,852 TRACE [http-nio-8080-exec-2] loggerTrace [EmployeeService.java:72] -- Employee with email jane.doe@example.com saved.
2024-06-18 22:35:57,553 TRACE [http-nio-8080-exec-1] loggerTrace [EmployeeService.java:70] -- Registration email sent to employee: jane.doe@example.com
2024-06-18 22:35:59,055 TRACE [http-nio-8080-exec-1] loggerTrace [EmployeeService.java:72] -- Employee with email jane.doe@example.com saved.
2024-06-18 22:36:22,411 TRACE [http-nio-8080-exec-4] loggerTrace [EmployeeService.java:70] -- Registration email sent to employee: jane.doe@example.com
2024-06-18 22:36:23,726 TRACE [http-nio-8080-exec-4] loggerTrace [EmployeeService.java:72] -- Employee with email jane.doe@example.com saved.
2024-06-18 23:17:05,291 TRACE [http-nio-8080-exec-1] loggerTrace [OwnerService.java:65] -- Registration email sent to owner: jane.doe@example.com
2024-06-18 23:17:07,049 TRACE [http-nio-8080-exec-1] loggerTrace [OwnerService.java:67] -- Owner with email jane.doe@example.com saved.
2024-06-18 23:17:46,467 TRACE [http-nio-8080-exec-4] loggerTrace [OwnerService.java:65] -- Registration email sent to owner: mario.rossi@example.com
2024-06-18 23:17:47,883 TRACE [http-nio-8080-exec-4] loggerTrace [OwnerService.java:67] -- Owner with email mario.rossi@example.com saved.
2024-06-18 23:25:21,551 TRACE [http-nio-8080-exec-2] loggerTrace [EmployeeService.java:67] -- Registration email sent to employee: jane.doe@example.com
2024-06-18 23:25:23,026 TRACE [http-nio-8080-exec-2] loggerTrace [EmployeeService.java:69] -- Employee with email jane.doe@example.com saved.
2024-06-19 00:06:30,128 TRACE [http-nio-8080-exec-5] loggerTrace [EmployeeService.java:67] -- Registration email sent to employee: jane.doe@example.com
2024-06-19 00:06:31,770 TRACE [http-nio-8080-exec-5] loggerTrace [EmployeeService.java:69] -- Employee with email jane.doe@example.com saved.
2024-06-19 00:20:01,524 TRACE [http-nio-8080-exec-10] loggerTrace [OwnerService.java:65] -- Registration email sent to owner: jane.doe@example.com
2024-06-19 00:20:02,815 TRACE [http-nio-8080-exec-10] loggerTrace [OwnerService.java:67] -- Owner with email jane.doe@example.com saved.
2024-06-19 01:07:50,373 TRACE [http-nio-8080-exec-2] loggerTrace [EmployeeService.java:73] -- Registration email sent to employee: jane.doe@example.com
2024-06-19 01:07:52,197 TRACE [http-nio-8080-exec-2] loggerTrace [EmployeeService.java:75] -- Employee with email jane.doe@example.com saved.
2024-06-19 01:08:20,173 TRACE [http-nio-8080-exec-1] loggerTrace [OwnerService.java:65] -- Registration email sent to owner: jane.doe@example.com
2024-06-19 01:08:21,536 TRACE [http-nio-8080-exec-1] loggerTrace [OwnerService.java:67] -- Owner with email jane.doe@example.com saved.
2024-06-19 02:11:35,943 TRACE [http-nio-8080-exec-2] loggerTrace [OwnerService.java:65] -- Registration email sent to owner: jane.doe@example.com
2024-06-19 02:11:37,691 TRACE [http-nio-8080-exec-2] loggerTrace [OwnerService.java:67] -- Owner with email jane.doe@example.com saved.
2024-06-19 02:13:37,999 TRACE [http-nio-8080-exec-8] loggerTrace [EmployeeService.java:73] -- Registration email sent to employee: jane.doe@example.com
2024-06-19 02:13:39,446 TRACE [http-nio-8080-exec-8] loggerTrace [EmployeeService.java:75] -- Employee with email jane.doe@example.com saved.
2024-06-19 02:27:57,228 TRACE [http-nio-8080-exec-8] loggerTrace [EmployeeService.java:73] -- Registration email sent to employee: jane.doe@example.com
2024-06-19 02:27:58,686 TRACE [http-nio-8080-exec-8] loggerTrace [EmployeeService.java:75] -- Employee with email jane.doe@example.com saved.
2024-06-19 02:32:53,401 TRACE [http-nio-8080-exec-1] loggerTrace [CustomerService.java:74] -- Registration email sent to customer: jane.doe@example.com
2024-06-19 02:32:54,956 TRACE [http-nio-8080-exec-1] loggerTrace [CustomerService.java:76] -- Customer with email jane.doe@example.com saved.
2024-06-19 02:33:49,949 TRACE [http-nio-8080-exec-7] loggerTrace [EmployeeService.java:73] -- Registration email sent to employee: jane.doe@example.com
2024-06-19 02:33:51,130 TRACE [http-nio-8080-exec-7] loggerTrace [EmployeeService.java:75] -- Employee with email jane.doe@example.com saved.
2024-06-19 02:34:05,575 TRACE [http-nio-8080-exec-9] loggerTrace [CustomerService.java:74] -- Registration email sent to customer: jane.doe@example.com
2024-06-19 02:34:06,762 TRACE [http-nio-8080-exec-9] loggerTrace [CustomerService.java:76] -- Customer with email jane.doe@example.com saved.
2024-06-19 02:39:34,975 TRACE [http-nio-8080-exec-9] loggerTrace [EmployeeService.java:73] -- Registration email sent to employee: jane.doe@example.com
2024-06-19 02:39:36,441 TRACE [http-nio-8080-exec-9] loggerTrace [EmployeeService.java:75] -- Employee with email jane.doe@example.com saved.
2024-06-20 00:48:56,061 TRACE [http-nio-8080-exec-1] loggerTrace [EmployeeService.java:73] -- Registration email sent to employee: jane.doe@example.com
2024-06-20 00:48:57,827 TRACE [http-nio-8080-exec-1] loggerTrace [EmployeeService.java:75] -- Employee with email jane.doe@example.com saved.
2024-06-20 12:06:09,300 TRACE [http-nio-8080-exec-2] loggerTrace [EmployeeService.java:73] -- Registration email sent to employee: jane.doe@example.com
2024-06-20 12:06:11,064 TRACE [http-nio-8080-exec-2] loggerTrace [EmployeeService.java:75] -- Employee with email jane.doe@example.com saved.
2024-06-20 23:28:32,947 TRACE [http-nio-8080-exec-2] loggerTrace [OwnerService.java:65] -- Registration email sent to owner: jane.00egyo@example.com
2024-06-20 23:28:34,416 TRACE [http-nio-8080-exec-2] loggerTrace [OwnerService.java:67] -- Owner with email jane.00egyo@example.com saved.
2024-06-20 23:31:54,993 TRACE [http-nio-8080-exec-1] loggerTrace [OwnerService.java:65] -- Registration email sent to owner: admin@example.com
2024-06-20 23:31:56,313 TRACE [http-nio-8080-exec-1] loggerTrace [OwnerService.java:67] -- Owner with email admin@example.com saved.
2024-06-21 10:38:01,055 TRACE [main] loggerTrace [OwnerService.java:65] -- Registration email sent to owner: fabioscar96@gmail.com
2024-06-21 10:38:03,716 TRACE [main] loggerTrace [OwnerService.java:67] -- Owner with email fabioscar96@gmail.com saved.
2024-06-21 11:32:39,555 TRACE [http-nio-8080-exec-3] loggerTrace [CustomerService.java:74] -- Registration email sent to customer: admin@example.com
2024-06-21 11:32:41,395 TRACE [http-nio-8080-exec-3] loggerTrace [CustomerService.java:76] -- Customer with email admin@example.com saved.
2024-06-21 11:35:51,346 TRACE [main] loggerTrace [OwnerService.java:74] -- Registration email sent to owner: fabioscar96@gmail.com
2024-06-21 11:35:52,554 TRACE [main] loggerTrace [OwnerService.java:76] -- Owner with email fabioscar96@gmail.com saved.
2024-06-21 11:37:30,613 TRACE [main] loggerTrace [OwnerService.java:74] -- Registration email sent to owner: fabioscar96@gmail.com
2024-06-21 11:37:32,534 TRACE [main] loggerTrace [OwnerService.java:76] -- Owner with email fabioscar96@gmail.com saved.
2024-06-21 11:48:31,078 TRACE [main] loggerTrace [OwnerService.java:75] -- Registration email sent to owner: fabioscar96@gmail.com
2024-06-21 11:48:32,415 TRACE [main] loggerTrace [OwnerService.java:77] -- Owner with email fabioscar96@gmail.com saved.
2024-06-21 11:51:00,254 TRACE [main] loggerTrace [OwnerService.java:75] -- Registration email sent to owner: fabioscar96@gmail.com
2024-06-21 11:51:01,625 TRACE [main] loggerTrace [OwnerService.java:77] -- Owner with email fabioscar96@gmail.com saved.
2024-06-21 11:51:14,341 TRACE [http-nio-8080-exec-1] loggerTrace [OwnerService.java:75] -- Registration email sent to owner: fabioscar96@gmail.com
2024-06-21 11:51:15,521 TRACE [http-nio-8080-exec-1] loggerTrace [OwnerService.java:77] -- Owner with email fabioscar96@gmail.com saved.
2024-06-21 11:55:10,176 TRACE [http-nio-8080-exec-3] loggerTrace [OwnerService.java:75] -- Registration email sent to owner: fabioscar96@gmail.com
2024-06-21 11:55:11,479 TRACE [http-nio-8080-exec-3] loggerTrace [OwnerService.java:77] -- Owner with email fabioscar96@gmail.com saved.
2024-06-21 11:57:20,312 TRACE [http-nio-8080-exec-1] loggerTrace [OwnerService.java:75] -- Registration email sent to owner: fabioscar96@gmail.com
2024-06-21 11:57:21,854 TRACE [http-nio-8080-exec-1] loggerTrace [OwnerService.java:77] -- Owner with email fabioscar96@gmail.com saved.
2024-06-21 12:19:30,996 TRACE [main] loggerTrace [OwnerService.java:74] -- Registration email sent to owner: fabioscar96@gmail.com
2024-06-21 12:19:32,484 TRACE [main] loggerTrace [OwnerService.java:76] -- Owner with email fabioscar96@gmail.com saved.
2024-06-21 12:23:49,189 TRACE [http-nio-8080-exec-4] loggerTrace [CustomerService.java:74] -- Registration email sent to customer: fabioscar96@gmail.com
2024-06-21 12:23:50,646 TRACE [http-nio-8080-exec-4] loggerTrace [CustomerService.java:76] -- Customer with email fabioscar96@gmail.com saved.
2024-06-21 12:24:11,317 TRACE [main] loggerTrace [OwnerService.java:74] -- Registration email sent to owner: fabioscar96@gmail.com
2024-06-21 12:24:12,658 TRACE [main] loggerTrace [OwnerService.java:76] -- Owner with email fabioscar96@gmail.com saved.
